--2021-08-05 17:05:06--  https://www-nds.iaea.org/public/download-endf/ENDF-B-VIII.0/n/n_2025_20-Ca-40.zip
Connecting to 172.18.12.30:8123... connected.
Proxy request sent, awaiting response... 200 OK
Length: 3918721 (3.7M) [application/zip]
Saving to: ‘n_2025_20-Ca-40.zip’

     0K .......... .......... .......... .......... ..........  1% 32.5M 0s
    50K .......... .......... .......... .......... ..........  2% 56.0M 0s
   100K .......... .......... .......... .......... ..........  3% 36.3M 0s
   150K .......... .......... .......... .......... ..........  5%  117M 0s
   200K .......... .......... .......... .......... ..........  6% 87.4M 0s
   250K .......... .......... .......... .......... ..........  7% 77.6M 0s
   300K .......... .......... .......... .......... ..........  9%  128M 0s
   350K .......... .......... .......... .......... .......... 10% 91.4M 0s
   400K .......... .......... .......... .......... .......... 11% 96.9M 0s
   450K .......... .......... .......... .......... .......... 13%  112M 0s
   500K .......... .......... .......... .......... .......... 14%  130M 0s
   550K .......... .......... .......... .......... .......... 15%  121M 0s
   600K .......... .......... .......... .......... .......... 16%  128M 0s
   650K .......... .......... .......... .......... .......... 18%  108M 0s
   700K .......... .......... .......... .......... .......... 19% 97.3M 0s
   750K .......... .......... .......... .......... .......... 20%  102M 0s
   800K .......... .......... .......... .......... .......... 22%  110M 0s
   850K .......... .......... .......... .......... .......... 23%  129M 0s
   900K .......... .......... .......... .......... .......... 24%  128M 0s
   950K .......... .......... .......... .......... .......... 26% 93.4M 0s
  1000K .......... .......... .......... .......... .......... 27%  128M 0s
  1050K .......... .......... .......... .......... .......... 28%  128M 0s
  1100K .......... .......... .......... .......... .......... 30% 97.8M 0s
  1150K .......... .......... .......... .......... .......... 31% 91.4M 0s
  1200K .......... .......... .......... .......... .......... 32%  127M 0s
  1250K .......... .......... .......... .......... .......... 33%  130M 0s
  1300K .......... .......... .......... .......... .......... 35%  128M 0s
  1350K .......... .......... .......... .......... .......... 36% 88.4M 0s
  1400K .......... .......... .......... .......... .......... 37%  130M 0s
  1450K .......... .......... .......... .......... .......... 39%  128M 0s
  1500K .......... .......... .......... .......... .......... 40%  128M 0s
  1550K .......... .......... .......... .......... .......... 41% 80.2M 0s
  1600K .......... .......... .......... .......... .......... 43%  128M 0s
  1650K .......... .......... .......... .......... .......... 44% 95.2M 0s
  1700K .......... .......... .......... .......... .......... 45%  132M 0s
  1750K .......... .......... .......... .......... .......... 47%  117M 0s
  1800K .......... .......... .......... .......... .......... 48%  130M 0s
  1850K .......... .......... .......... .......... .......... 49% 96.5M 0s
  1900K .......... .......... .......... .......... .......... 50%  123M 0s
  1950K .......... .......... .......... .......... .......... 52%  100M 0s
  2000K .......... .......... .......... .......... .......... 53% 96.9M 0s
  2050K .......... .......... .......... .......... .......... 54%  127M 0s
  2100K .......... .......... .......... .......... .......... 56%  131M 0s
  2150K .......... .......... .......... .......... .......... 57% 93.6M 0s
  2200K .......... .......... .......... .......... .......... 58%  128M 0s
  2250K .......... .......... .......... .......... .......... 60%  129M 0s
  2300K .......... .......... .......... .......... .......... 61%  124M 0s
  2350K .......... .......... .......... .......... .......... 62% 89.5M 0s
  2400K .......... .......... .......... .......... .......... 64% 97.5M 0s
  2450K .......... .......... .......... .......... .......... 65%  120M 0s
  2500K .......... .......... .......... .......... .......... 66%  129M 0s
  2550K .......... .......... .......... .......... .......... 67%  122M 0s
  2600K .......... .......... .......... .......... .......... 69% 97.4M 0s
  2650K .......... .......... .......... .......... .......... 70%  129M 0s
  2700K .......... .......... .......... .......... .......... 71%  128M 0s
  2750K .......... .......... .......... .......... .......... 73% 79.6M 0s
  2800K .......... .......... .......... .......... .......... 74%  123M 0s
  2850K .......... .......... .......... .......... .......... 75%  129M 0s
  2900K .......... .......... .......... .......... .......... 77%  129M 0s
  2950K .......... .......... .......... .......... .......... 78% 93.4M 0s
  3000K .......... .......... .......... .......... .......... 79%  129M 0s
  3050K .......... .......... .......... .......... .......... 81%  122M 0s
  3100K .......... .......... .......... .......... .......... 82%  128M 0s
  3150K .......... .......... .......... .......... .......... 83% 79.5M 0s
  3200K .......... .......... .......... .......... .......... 84%  130M 0s
  3250K .......... .......... .......... .......... .......... 86% 96.8M 0s
  3300K .......... .......... .......... .......... .......... 87%  128M 0s
  3350K .......... .......... .......... .......... .......... 88%  124M 0s
  3400K .......... .......... .......... .......... .......... 90%  123M 0s
  3450K .......... .......... .......... .......... .......... 91% 97.1M 0s
  3500K .......... .......... .......... .......... .......... 92%  128M 0s
  3550K .......... .......... .......... .......... .......... 94% 97.6M 0s
  3600K .......... .......... .......... .......... .......... 95%  105M 0s
  3650K .......... .......... .......... .......... .......... 96%  130M 0s
  3700K .......... .......... .......... .......... .......... 97%  128M 0s
  3750K .......... .......... .......... .......... .......... 99% 79.2M 0s
  3800K .......... .......... ......                          100%  449M=0.04s

2021-08-05 17:05:07 (104 MB/s) - ‘n_2025_20-Ca-40.zip’ saved [3918721/3918721]

--2021-08-05 17:43:40--  https://www-nds.iaea.org/public/download-endf/ENDF-B-VIII.0/n/n_0825_8-O-16.zip
Connecting to 172.18.12.30:8123... connected.
Proxy request sent, awaiting response... 200 OK
Length: 16594895 (16M) [application/zip]
Saving to: ‘n_0825_8-O-16.zip’

     0K .......... .......... .......... .......... ..........  0% 32.1M 0s
    50K .......... .......... .......... .......... ..........  0% 79.7M 0s
   100K .......... .......... .......... .......... ..........  0% 34.1M 0s
   150K .......... .......... .......... .......... ..........  1% 87.7M 0s
   200K .......... .......... .......... .......... ..........  1% 68.6M 0s
   250K .......... .......... .......... .......... ..........  1% 77.3M 0s
   300K .......... .......... .......... .......... ..........  2%  116M 0s
   350K .......... .......... .......... .......... ..........  2%  102M 0s
   400K .......... .......... .......... .......... ..........  2% 96.3M 0s
   450K .......... .......... .......... .......... ..........  3%  129M 0s
   500K .......... .......... .......... .......... ..........  3%  115M 0s
   550K .......... .......... .......... .......... ..........  3%  122M 0s
   600K .......... .......... .......... .......... ..........  4% 96.3M 0s
   650K .......... .......... .......... .......... ..........  4% 35.7M 0s
   700K .......... .......... .......... .......... ..........  4%  139M 0s
   750K .......... .......... .......... .......... ..........  4% 80.7M 0s
   800K .......... .......... .......... .......... ..........  5%  126M 0s
   850K .......... .......... .......... .......... ..........  5%  111M 0s
   900K .......... .......... .......... .......... ..........  5% 97.4M 0s
   950K .......... .......... .......... .......... ..........  6%  121M 0s
  1000K .......... .......... .......... .......... ..........  6%  117M 0s
  1050K .......... .......... .......... .......... ..........  6%  128M 0s
  1100K .......... .......... .......... .......... ..........  7% 97.2M 0s
  1150K .......... .......... .......... .......... ..........  7%  100M 0s
  1200K .......... .......... .......... .......... ..........  7%  130M 0s
  1250K .......... .......... .......... .......... ..........  8% 96.5M 0s
  1300K .......... .......... .......... .......... ..........  8%  114M 0s
  1350K .......... .......... .......... .......... ..........  8%  122M 0s
  1400K .......... .......... .......... .......... ..........  8%  127M 0s
  1450K .......... .......... .......... .......... ..........  9%  130M 0s
  1500K .......... .......... .......... .......... ..........  9% 95.4M 0s
  1550K .......... .......... .......... .......... ..........  9%  102M 0s
  1600K .......... .......... .......... .......... .......... 10%  128M 0s
  1650K .......... .......... .......... .......... .......... 10% 92.7M 0s
  1700K .......... .......... .......... .......... .......... 10%  130M 0s
  1750K .......... .......... .......... .......... .......... 11%  120M 0s
  1800K .......... .......... .......... .......... .......... 11% 96.8M 0s
  1850K .......... .......... .......... .......... .......... 11%  128M 0s
  1900K .......... .......... .......... .......... .......... 12%  130M 0s
  1950K .......... .......... .......... .......... .......... 12% 80.0M 0s
  2000K .......... .......... .......... .......... .......... 12%  129M 0s
  2050K .......... .......... .......... .......... .......... 12%  106M 0s
  2100K .......... .......... .......... .......... .......... 13%  131M 0s
  2150K .......... .......... .......... .......... .......... 13%  123M 0s
  2200K .......... .......... .......... .......... .......... 13% 97.4M 0s
  2250K .......... .......... .......... .......... .......... 14%  121M 0s
  2300K .......... .......... .......... .......... .......... 14%  127M 0s
  2350K .......... .......... .......... .......... .......... 14%  100M 0s
  2400K .......... .......... .......... .......... .......... 15% 96.7M 0s
  2450K .......... .......... .......... .......... .......... 15%  129M 0s
  2500K .......... .......... .......... .......... .......... 15%  129M 0s
  2550K .......... .......... .......... .......... .......... 16% 93.7M 0s
  2600K .......... .......... .......... .......... .......... 16%  128M 0s
  2650K .......... .......... .......... .......... .......... 16%  111M 0s
  2700K .......... .......... .......... .......... .......... 16%  152M 0s
  2750K .......... .......... .......... .......... .......... 17% 79.4M 0s
  2800K .......... .......... .......... .......... .......... 17%  129M 0s
  2850K .......... .......... .......... .......... .......... 17%  128M 0s
  2900K .......... .......... .......... .......... .......... 18% 96.4M 0s
  2950K .......... .......... .......... .......... .......... 18%  124M 0s
  3000K .......... .......... .......... .......... .......... 18%  128M 0s
  3050K .......... .......... .......... .......... .......... 19% 94.1M 0s
  3100K .......... .......... .......... .......... .......... 19%  129M 0s
  3150K .......... .......... .......... .......... .......... 19%  100M 0s
  3200K .......... .......... .......... .......... .......... 20%  121M 0s
  3250K .......... .......... .......... .......... .......... 20% 97.2M 0s
  3300K .......... .......... .......... .......... .......... 20%  129M 0s
  3350K .......... .......... .......... .......... .......... 20%  122M 0s
  3400K .......... .......... .......... .......... .......... 21% 98.1M 0s
  3450K .......... .......... .......... .......... .......... 21%  128M 0s
  3500K .......... .......... .......... .......... .......... 21%  128M 0s
  3550K .......... .......... .......... .......... .......... 22% 79.3M 0s
  3600K .......... .......... .......... .......... .......... 22%  124M 0s
  3650K .......... .......... .......... .......... .......... 22%  129M 0s
  3700K .......... .......... .......... .......... .......... 23% 96.4M 0s
  3750K .......... .......... .......... .......... .......... 23%  151M 0s
  3800K .......... .......... .......... .......... .......... 23% 96.6M 0s
  3850K .......... .......... .......... .......... .......... 24%  123M 0s
  3900K .......... .......... .......... .......... .......... 24%  129M 0s
  3950K .......... .......... .......... .......... .......... 24% 79.2M 0s
  4000K .......... .......... .......... .......... .......... 24%  129M 0s
  4050K .......... .......... .......... .......... .......... 25%  128M 0s
  4100K .......... .......... .......... .......... .......... 25% 96.8M 0s
  4150K .......... .......... .......... .......... .......... 25%  124M 0s
  4200K .......... .......... .......... .......... .......... 26%  129M 0s
  4250K .......... .......... .......... .......... .......... 26%  123M 0s
  4300K .......... .......... .......... .......... .......... 26% 96.2M 0s
  4350K .......... .......... .......... .......... .......... 27%  100M 0s
  4400K .......... .......... .......... .......... .......... 27%  122M 0s
  4450K .......... .......... .......... .......... .......... 27%  129M 0s
  4500K .......... .......... .......... .......... .......... 28% 97.1M 0s
  4550K .......... .......... .......... .......... .......... 28%  123M 0s
  4600K .......... .......... .......... .......... .......... 28%  129M 0s
  4650K .......... .......... .......... .......... .......... 29% 96.7M 0s
  4700K .......... .......... .......... .......... .......... 29%  129M 0s
  4750K .......... .......... .......... .......... .......... 29% 98.9M 0s
  4800K .......... .......... .......... .......... .......... 29% 96.6M 0s
  4850K .......... .......... .......... .......... .......... 30%  127M 0s
  4900K .......... .......... .......... .......... .......... 30%  130M 0s
  4950K .......... .......... .......... .......... .......... 30% 93.6M 0s
  5000K .......... .......... .......... .......... .......... 31%  130M 0s
  5050K .......... .......... .......... .......... .......... 31%  127M 0s
  5100K .......... .......... .......... .......... .......... 31%  129M 0s
  5150K .......... .......... .......... .......... .......... 32% 79.0M 0s
  5200K .......... .......... .......... .......... .......... 32%  129M 0s
  5250K .......... .......... .......... .......... .......... 32% 93.9M 0s
  5300K .......... .......... .......... .......... .......... 33%  128M 0s
  5350K .......... .......... .......... .......... .......... 33%  123M 0s
  5400K .......... .......... .......... .......... .......... 33%  116M 0s
  5450K .......... .......... .......... .......... .......... 33%  114M 0s
  5500K .......... .......... .......... .......... .......... 34%  122M 0s
  5550K .......... .......... .......... .......... .......... 34% 79.1M 0s
  5600K .......... .......... .......... .......... .......... 34%  129M 0s
  5650K .......... .......... .......... .......... .......... 35%  128M 0s
  5700K .......... .......... .......... .......... .......... 35%  128M 0s
  5750K .......... .......... .......... .......... .......... 35% 94.3M 0s
  5800K .......... .......... .......... .......... .......... 36%  129M 0s
  5850K .......... .......... .......... .......... .......... 36%  124M 0s
  5900K .......... .......... .......... .......... .......... 36% 96.9M 0s
  5950K .......... .......... .......... .......... .......... 37% 99.3M 0s
  6000K .......... .......... .......... .......... .......... 37%  129M 0s
  6050K .......... .......... .......... .......... .......... 37% 96.6M 0s
  6100K .......... .......... .......... .......... .......... 37%  128M 0s
  6150K .......... .......... .......... .......... .......... 38%  124M 0s
  6200K .......... .......... .......... .......... .......... 38%  113M 0s
  6250K .......... .......... .......... .......... .......... 38%  122M 0s
  6300K .......... .......... .......... .......... .......... 39%  128M 0s
  6350K .......... .......... .......... .......... .......... 39% 79.5M 0s
  6400K .......... .......... .......... .......... .......... 39%  129M 0s
  6450K .......... .......... .......... .......... .......... 40% 96.7M 0s
  6500K .......... .......... .......... .......... .......... 40%  128M 0s
  6550K .......... .......... .......... .......... .......... 40%  123M 0s
  6600K .......... .......... .......... .......... .......... 41%  129M 0s
  6650K .......... .......... .......... .......... .......... 41% 94.0M 0s
  6700K .......... .......... .......... .......... .......... 41%  129M 0s
  6750K .......... .......... .......... .......... .......... 41% 99.4M 0s
  6800K .......... .......... .......... .......... .......... 42% 97.0M 0s
  6850K .......... .......... .......... .......... .......... 42%  129M 0s
  6900K .......... .......... .......... .......... .......... 42%  127M 0s
  6950K .......... .......... .......... .......... .......... 43% 94.1M 0s
  7000K .......... .......... .......... .......... .......... 43%  153M 0s
  7050K .......... .......... .......... .......... .......... 43% 96.4M 0s
  7100K .......... .......... .......... .......... .......... 44%  129M 0s
  7150K .......... .......... .......... .......... .......... 44% 99.5M 0s
  7200K .......... .......... .......... .......... .......... 44% 96.5M 0s
  7250K .......... .......... .......... .......... .......... 45%  129M 0s
  7300K .......... .......... .......... .......... .......... 45%  128M 0s
  7350K .......... .......... .......... .......... .......... 45% 93.7M 0s
  7400K .......... .......... .......... .......... .......... 45%  125M 0s
  7450K .......... .......... .......... .......... .......... 46%  128M 0s
  7500K .......... .......... .......... .......... .......... 46%  128M 0s
  7550K .......... .......... .......... .......... .......... 46% 80.0M 0s
  7600K .......... .......... .......... .......... .......... 47%  128M 0s
  7650K .......... .......... .......... .......... .......... 47%  119M 0s
  7700K .......... .......... .......... .......... .......... 47% 96.6M 0s
  7750K .......... .......... .......... .......... .......... 48%  125M 0s
  7800K .......... .......... .......... .......... .......... 48%  128M 0s
  7850K .......... .......... .......... .......... .......... 48% 97.0M 0s
  7900K .......... .......... .......... .......... .......... 49%  129M 0s
  7950K .......... .......... .......... .......... .......... 49% 98.1M 0s
  8000K .......... .......... .......... .......... .......... 49% 97.6M 0s
  8050K .......... .......... .......... .......... .......... 49%  129M 0s
  8100K .......... .......... .......... .......... .......... 50%  123M 0s
  8150K .......... .......... .......... .......... .......... 50%  124M 0s
  8200K .......... .......... .......... .......... .......... 50% 93.6M 0s
  8250K .......... .......... .......... .......... .......... 51%  128M 0s
  8300K .......... .......... .......... .......... .......... 51%  129M 0s
  8350K .......... .......... .......... .......... .......... 51% 79.2M 0s
  8400K .......... .......... .......... .......... .......... 52%  128M 0s
  8450K .......... .......... .......... .......... .......... 52%  129M 0s
  8500K .......... .......... .......... .......... .......... 52% 97.0M 0s
  8550K .......... .......... .......... .......... .......... 53%  120M 0s
  8600K .......... .......... .......... .......... .......... 53%  109M 0s
  8650K .......... .......... .......... .......... .......... 53%  131M 0s
  8700K .......... .......... .......... .......... .......... 53%  129M 0s
  8750K .......... .......... .......... .......... .......... 54% 78.9M 0s
  8800K .......... .......... .......... .......... .......... 54%  130M 0s
  8850K .......... .......... .......... .......... .......... 54%  109M 0s
  8900K .......... .......... .......... .......... .......... 55%  129M 0s
  8950K .......... .......... .......... .......... .......... 55%  123M 0s
  9000K .......... .......... .......... .......... .......... 55%  122M 0s
  9050K .......... .......... .......... .......... .......... 56% 96.8M 0s
  9100K .......... .......... .......... .......... .......... 56%  128M 0s
  9150K .......... .......... .......... .......... .......... 56%  100M 0s
  9200K .......... .......... .......... .......... .......... 57% 96.5M 0s
  9250K .......... .......... .......... .......... .......... 57%  128M 0s
  9300K .......... .......... .......... .......... .......... 57%  129M 0s
  9350K .......... .......... .......... .......... .......... 58% 93.8M 0s
  9400K .......... .......... .......... .......... .......... 58%  128M 0s
  9450K .......... .......... .......... .......... .......... 58%  128M 0s
  9500K .......... .......... .......... .......... .......... 58%  115M 0s
  9550K .......... .......... .......... .......... .......... 59% 79.2M 0s
  9600K .......... .......... .......... .......... .......... 59%  129M 0s
  9650K .......... .......... .......... .......... .......... 59%  122M 0s
  9700K .......... .......... .......... .......... .......... 60%  129M 0s
  9750K .......... .......... .......... .......... .......... 60% 93.9M 0s
  9800K .......... .......... .......... .......... .......... 60%  129M 0s
  9850K .......... .......... .......... .......... .......... 61%  128M 0s
  9900K .......... .......... .......... .......... .......... 61% 96.6M 0s
  9950K .......... .......... .......... .......... .......... 61% 99.4M 0s
 10000K .......... .......... .......... .......... .......... 62%  128M 0s
 10050K .......... .......... .......... .......... .......... 62% 95.0M 0s
 10100K .......... .......... .......... .......... .......... 62%  128M 0s
 10150K .......... .......... .......... .......... .......... 62%  124M 0s
 10200K .......... .......... .......... .......... .......... 63%  127M 0s
 10250K .......... .......... .......... .......... .......... 63%  109M 0s
 10300K .......... .......... .......... .......... .......... 63%  122M 0s
 10350K .......... .......... .......... .......... .......... 64% 79.2M 0s
 10400K .......... .......... .......... .......... .......... 64%  129M 0s
 10450K .......... .......... .......... .......... .......... 64%  129M 0s
 10500K .......... .......... .......... .......... .......... 65% 96.6M 0s
 10550K .......... .......... .......... .......... .......... 65%  124M 0s
 10600K .......... .......... .......... .......... .......... 65%  129M 0s
 10650K .......... .......... .......... .......... .......... 66% 96.9M 0s
 10700K .......... .......... .......... .......... .......... 66%  128M 0s
 10750K .......... .......... .......... .......... .......... 66% 99.5M 0s
 10800K .......... .......... .......... .......... .......... 66% 96.5M 0s
 10850K .......... .......... .......... .......... .......... 67%  129M 0s
 10900K .......... .......... .......... .......... .......... 67%  128M 0s
 10950K .......... .......... .......... .......... .......... 67% 91.9M 0s
 11000K .......... .......... .......... .......... .......... 68%  133M 0s
 11050K .......... .......... .......... .......... .......... 68%  128M 0s
 11100K .......... .......... .......... .......... .......... 68%  128M 0s
 11150K .......... .......... .......... .......... .......... 69% 79.4M 0s
 11200K .......... .......... .......... .......... .......... 69%  129M 0s
 11250K .......... .......... .......... .......... .......... 69%  124M 0s
 11300K .......... .......... .......... .......... .......... 70% 97.3M 0s
 11350K .......... .......... .......... .......... .......... 70%  123M 0s
 11400K .......... .......... .......... .......... .......... 70%  129M 0s
 11450K .......... .......... .......... .......... .......... 70%  121M 0s
 11500K .......... .......... .......... .......... .......... 71% 96.6M 0s
 11550K .......... .......... .......... .......... .......... 71%  100M 0s
 11600K .......... .......... .......... .......... .......... 71%  128M 0s
 11650K .......... .......... .......... .......... .......... 72% 97.0M 0s
 11700K .......... .......... .......... .......... .......... 72%  129M 0s
 11750K .......... .......... .......... .......... .......... 72%  123M 0s
 11800K .......... .......... .......... .......... .......... 73% 96.7M 0s
 11850K .......... .......... .......... .......... .......... 73%  128M 0s
 11900K .......... .......... .......... .......... .......... 73%  129M 0s
 11950K .......... .......... .......... .......... .......... 74% 77.3M 0s
 12000K .......... .......... .......... .......... .......... 74%  129M 0s
 12050K .......... .......... .......... .......... .......... 74%  121M 0s
 12100K .......... .......... .......... .......... .......... 74%  129M 0s
 12150K .......... .......... .......... .......... .......... 75% 94.0M 0s
 12200K .......... .......... .......... .......... .......... 75%  129M 0s
 12250K .......... .......... .......... .......... .......... 75%  128M 0s
 12300K .......... .......... .......... .......... .......... 76% 96.9M 0s
 12350K .......... .......... .......... .......... .......... 76% 99.6M 0s
 12400K .......... .......... .......... .......... .......... 76%  127M 0s
 12450K .......... .......... .......... .......... .......... 77% 97.1M 0s
 12500K .......... .......... .......... .......... .......... 77%  125M 0s
 12550K .......... .......... .......... .......... .......... 77%  121M 0s
 12600K .......... .......... .......... .......... .......... 78%  128M 0s
 12650K .......... .......... .......... .......... .......... 78% 92.8M 0s
 12700K .......... .......... .......... .......... .......... 78%  129M 0s
 12750K .......... .......... .......... .......... .......... 78% 99.7M 0s
 12800K .......... .......... .......... .......... .......... 79% 96.5M 0s
 12850K .......... .......... .......... .......... .......... 79%  129M 0s
 12900K .......... .......... .......... .......... .......... 79%  129M 0s
 12950K .......... .......... .......... .......... .......... 80%  123M 0s
 13000K .......... .......... .......... .......... .......... 80% 96.6M 0s
 13050K .......... .......... .......... .......... .......... 80%  125M 0s
 13100K .......... .......... .......... .......... .......... 81%  128M 0s
 13150K .......... .......... .......... .......... .......... 81% 79.5M 0s
 13200K .......... .......... .......... .......... .......... 81%  121M 0s
 13250K .......... .......... .......... .......... .......... 82%  129M 0s
 13300K .......... .......... .......... .......... .......... 82% 96.7M 0s
 13350K .......... .......... .......... .......... .......... 82%  123M 0s
 13400K .......... .......... .......... .......... .......... 82%  130M 0s
 13450K .......... .......... .......... .......... .......... 83%  128M 0s
 13500K .......... .......... .......... .......... .......... 83% 96.8M 0s
 13550K .......... .......... .......... .......... .......... 83% 97.4M 0s
 13600K .......... .......... .......... .......... .......... 84%  128M 0s
 13650K .......... .......... .......... .......... .......... 84% 97.1M 0s
 13700K .......... .......... .......... .......... .......... 84%  128M 0s
 13750K .......... .......... .......... .......... .......... 85%  124M 0s
 13800K .......... .......... .......... .......... .......... 85% 97.4M 0s
 13850K .......... .......... .......... .......... .......... 85%  122M 0s
 13900K .......... .......... .......... .......... .......... 86%  121M 0s
 13950K .......... .......... .......... .......... .......... 86% 94.8M 0s
 14000K .......... .......... .......... .......... .......... 86%  129M 0s
 14050K .......... .......... .......... .......... .......... 87% 96.8M 0s
 14100K .......... .......... .......... .......... .......... 87%  128M 0s
 14150K .......... .......... .......... .......... .......... 87%  123M 0s
 14200K .......... .......... .......... .......... .......... 87% 97.6M 0s
 14250K .......... .......... .......... .......... .......... 88%  128M 0s
 14300K .......... .......... .......... .......... .......... 88%  128M 0s
 14350K .......... .......... .......... .......... .......... 88% 96.8M 0s
 14400K .......... .......... .......... .......... .......... 89% 96.7M 0s
 14450K .......... .......... .......... .......... .......... 89%  128M 0s
 14500K .......... .......... .......... .......... .......... 89%  128M 0s
 14550K .......... .......... .......... .......... .......... 90% 93.7M 0s
 14600K .......... .......... .......... .......... .......... 90%  129M 0s
 14650K .......... .......... .......... .......... .......... 90%  111M 0s
 14700K .......... .......... .......... .......... .......... 91%  122M 0s
 14750K .......... .......... .......... .......... .......... 91%  100M 0s
 14800K .......... .......... .......... .......... .......... 91% 96.4M 0s
 14850K .......... .......... .......... .......... .......... 91%  128M 0s
 14900K .......... .......... .......... .......... .......... 92%  129M 0s
 14950K .......... .......... .......... .......... .......... 92% 94.0M 0s
 15000K .......... .......... .......... .......... .......... 92%  127M 0s
 15050K .......... .......... .......... .......... .......... 93%  129M 0s
 15100K .......... .......... .......... .......... .......... 93%  125M 0s
 15150K .......... .......... .......... .......... .......... 93% 78.9M 0s
 15200K .......... .......... .......... .......... .......... 94%  129M 0s
 15250K .......... .......... .......... .......... .......... 94%  128M 0s
 15300K .......... .......... .......... .......... .......... 94% 92.3M 0s
 15350K .......... .......... .......... .......... .......... 95%  124M 0s
 15400K .......... .......... .......... .......... .......... 95%  128M 0s
 15450K .......... .......... .......... .......... .......... 95% 95.2M 0s
 15500K .......... .......... .......... .......... .......... 95%  132M 0s
 15550K .......... .......... .......... .......... .......... 96% 99.2M 0s
 15600K .......... .......... .......... .......... .......... 96% 97.0M 0s
 15650K .......... .......... .......... .......... .......... 96%  125M 0s
 15700K .......... .......... .......... .......... .......... 97%  128M 0s
 15750K .......... .......... .......... .......... .......... 97%  123M 0s
 15800K .......... .......... .......... .......... .......... 97% 96.9M 0s
 15850K .......... .......... .......... .......... .......... 98%  128M 0s
 15900K .......... .......... .......... .......... .......... 98%  129M 0s
 15950K .......... .......... .......... .......... .......... 98% 96.1M 0s
 16000K .......... .......... .......... .......... .......... 99% 96.2M 0s
 16050K .......... .......... .......... .......... .......... 99%  130M 0s
 16100K .......... .......... .......... .......... .......... 99%  128M 0s
 16150K .......... .......... .......... .......... .......... 99% 94.9M 0s
 16200K .....                                                 100% 11353G=0.1s

2021-08-05 17:43:41 (109 MB/s) - ‘n_0825_8-O-16.zip’ saved [16594895/16594895]

slurmstepd: error: get_exit_code task 0 died by signal
